d:\ink painter\inkpainter\inkpainter\debug\inkpainter.pch
d:\ink painter\inkpainter\inkpainter\debug\vc140.pdb
d:\ink painter\inkpainter\inkpainter\debug\vc140.idb
d:\ink painter\inkpainter\inkpainter\debug\stdafx.obj
d:\ink painter\inkpainter\inkpainter\debug\classview.obj
d:\ink painter\inkpainter\inkpainter\debug\fileview.obj
d:\ink painter\inkpainter\inkpainter\debug\inkpainter.obj
d:\ink painter\inkpainter\inkpainter\debug\inkpainterdoc.obj
d:\ink painter\inkpainter\inkpainter\debug\inkpainterview.obj
d:\ink painter\inkpainter\inkpainter\debug\mainfrm.obj
d:\ink painter\inkpainter\inkpainter\debug\outputwnd.obj
d:\ink painter\inkpainter\inkpainter\debug\propertieswnd.obj
d:\ink painter\inkpainter\inkpainter\debug\viewtree.obj
c:\users\cheng\inkpainter\inkpainter\inkpainter\debug\inkpainter.pch
c:\users\cheng\inkpainter\inkpainter\inkpainter\debug\vc140.pdb
c:\users\cheng\inkpainter\inkpainter\inkpainter\debug\vc140.idb
c:\users\cheng\inkpainter\inkpainter\inkpainter\debug\stdafx.obj
c:\users\cheng\inkpainter\inkpainter\inkpainter\debug\classview.obj
c:\users\cheng\inkpainter\inkpainter\inkpainter\debug\fileview.obj
c:\users\cheng\inkpainter\inkpainter\inkpainter\debug\inkpainter.obj
c:\users\cheng\inkpainter\inkpainter\inkpainter\debug\inkpainterdoc.obj
c:\users\cheng\inkpainter\inkpainter\inkpainter\debug\inkpainterview.obj
c:\users\cheng\inkpainter\inkpainter\inkpainter\debug\mainfrm.obj
c:\users\cheng\inkpainter\inkpainter\inkpainter\debug\outputwnd.obj
c:\users\cheng\inkpainter\inkpainter\inkpainter\debug\propertieswnd.obj
c:\users\cheng\inkpainter\inkpainter\inkpainter\debug\viewtree.obj
d:\ink painter\inkpainter\debug\inkpainter.ilk
d:\ink painter\inkpainter\debug\inkpainter.exe
d:\ink painter\inkpainter\debug\inkpainter.pdb
c:\users\cheng\inkpainter\inkpainter\debug\inkpainter.ilk
c:\users\cheng\inkpainter\inkpainter\debug\inkpainter.exe
c:\users\cheng\inkpainter\inkpainter\debug\inkpainter.pdb
d:\ink painter\inkpainter\inkpainter\debug\inkpainter.res
c:\users\cheng\inkpainter\inkpainter\inkpainter\debug\inkpainter.res
c:\users\cheng\inkpainter\inkpainter\inkpainter\debug\inkpainter.tlog\cl.command.1.tlog
c:\users\cheng\inkpainter\inkpainter\inkpainter\debug\inkpainter.tlog\cl.read.1.tlog
c:\users\cheng\inkpainter\inkpainter\inkpainter\debug\inkpainter.tlog\cl.write.1.tlog
c:\users\cheng\inkpainter\inkpainter\inkpainter\debug\inkpainter.tlog\link.command.1.tlog
c:\users\cheng\inkpainter\inkpainter\inkpainter\debug\inkpainter.tlog\link.read.1.tlog
c:\users\cheng\inkpainter\inkpainter\inkpainter\debug\inkpainter.tlog\link.write.1.tlog
c:\users\cheng\inkpainter\inkpainter\inkpainter\debug\inkpainter.tlog\rc.command.1.tlog
c:\users\cheng\inkpainter\inkpainter\inkpainter\debug\inkpainter.tlog\rc.read.1.tlog
c:\users\cheng\inkpainter\inkpainter\inkpainter\debug\inkpainter.tlog\rc.write.1.tlog
